[14:00:50] [ServerMain/INFO]: [bootstrap] Running Java 21 (OpenJDK 64-Bit Server VM 21.0.7+6-Ubuntu-0ubuntu120.04; Ubuntu null) on Linux 6.8.0-1027-azure (amd64)
[14:00:50] [ServerMain/INFO]: [bootstrap] Loading Paper 1.21.4-231-ver/1.21.4@09e9afd (2025-05-19T17:59:36Z) for Minecraft 1.21.4
[14:00:50] [ServerMain/INFO]: [PluginInitializerManager] Initializing plugins...
[14:00:50] [ServerMain/INFO]: [PluginInitializerManager] Initialized 0 plugins
[14:00:51] [Paper Plugin Remapper Thread - 0/INFO]: [ReobfServer] Remapping server...
[14:00:58] [ServerMain/INFO]: Environment: Environment[sessionHost=https://sessionserver.mojang.com, servicesHost=https://api.minecraftservices.com, name=PROD]
[14:00:58] [ServerMain/INFO]: Found new data pack file/bukkit, loading it automatically
[14:00:58] [ServerMain/INFO]: Found new data pack paper, loading it automatically
[14:00:59] [ServerMain/INFO]: No existing world data, creating new world
[14:01:00] [Paper Plugin Remapper Thread - 0/INFO]: [ReobfServer] Done remapping server in 8364ms.
[14:01:00] [ServerMain/INFO]: Loaded 1370 recipes
[14:01:00] [ServerMain/INFO]: Loaded 1481 advancements
[14:01:00] [ServerMain/INFO]: [MCTypeRegistry] Initialising converters for DataConverter...
[14:01:01] [ServerMain/INFO]: [MCTypeRegistry] Finished initialising converters for DataConverter in 305.1ms
[14:01:01] [Server thread/INFO]: Starting minecraft server version 1.21.4
[14:01:01] [Server thread/INFO]: Loading properties
[14:01:01] [Server thread/INFO]: This server is running Paper version 1.21.4-231-ver/1.21.4@09e9afd (2025-05-19T17:59:36Z) (Implementing API version 1.21.4-R0.1-SNAPSHOT)
[14:01:01] [Server thread/INFO]: [spark] This server bundles the spark profiler. For more information please visit https://docs.papermc.io/paper/profiling
[14:01:01] [Server thread/INFO]: Server Ping Player Sample Count: 12
[14:01:01] [Server thread/INFO]: Using 4 threads for Netty based IO
[14:01:02] [Server thread/INFO]: [MoonriseCommon] Paper is using 1 worker threads, 1 I/O threads
[14:01:02] [Server thread/INFO]: [ChunkTaskScheduler] Chunk system is using population gen parallelism: true
[14:01:02] [Server thread/INFO]: Default game type: SURVIVAL
[14:01:02] [Server thread/INFO]: Generating keypair
[14:01:02] [Server thread/INFO]: Starting Minecraft server on *:25565
[14:01:02] [Server thread/INFO]: Using epoll channel type
[14:01:02] [Server thread/INFO]: Paper: Using libdeflate (Linux x86_64) compression from Velocity.
[14:01:02] [Server thread/INFO]: Paper: Using OpenSSL 1.1.x (Linux x86_64) cipher from Velocity.
[14:01:02] [Server thread/WARN]: **** SERVER IS RUNNING IN OFFLINE/INSECURE MODE!
[14:01:02] [Server thread/WARN]: The server will make no attempt to authenticate usernames. Beware.
[14:01:02] [Server thread/WARN]: While this makes the game possible to play without internet access, it also opens up the ability for hackers to connect with any username they choose.
[14:01:02] [Server thread/WARN]: To change this, set "online-mode" to "true" in the server.properties file.
[14:01:02] [Server thread/INFO]: Preparing level "world"
[14:01:12] [Server thread/INFO]: Preparing start region for dimension minecraft:overworld
[14:01:12] [Server thread/INFO]: Preparing spawn area: 2%
[14:01:13] [Server thread/INFO]: Preparing spawn area: 2%
[14:01:13] [Server thread/INFO]: Preparing spawn area: 2%
[14:01:14] [Server thread/INFO]: Preparing spawn area: 6%
[14:01:14] [Server thread/INFO]: Preparing spawn area: 18%
[14:01:15] [Server thread/INFO]: Preparing spawn area: 18%
[14:01:15] [Server thread/INFO]: Preparing spawn area: 20%
[14:01:16] [Server thread/INFO]: Preparing spawn area: 34%
[14:01:16] [Server thread/INFO]: Preparing spawn area: 38%
[14:01:17] [Server thread/INFO]: Preparing spawn area: 57%
[14:01:17] [Server thread/INFO]: Preparing spawn area: 57%
[14:01:18] [Server thread/INFO]: Preparing spawn area: 73%
[14:01:18] [Server thread/INFO]: Time elapsed: 5534 ms
[14:01:18] [Server thread/INFO]: Preparing start region for dimension minecraft:the_nether
[14:01:18] [Server thread/INFO]: Preparing spawn area: 2%
[14:01:18] [Server thread/INFO]: Preparing spawn area: 18%
[14:01:19] [Server thread/INFO]: Preparing spawn area: 51%
[14:01:19] [Server thread/INFO]: Time elapsed: 1417 ms
[14:01:19] [Server thread/INFO]: Preparing start region for dimension minecraft:the_end
[14:01:19] [Server thread/INFO]: Preparing spawn area: 2%
[14:01:20] [Server thread/INFO]: Time elapsed: 461 ms
[14:01:20] [Server thread/INFO]: [spark] Starting background profiler...
[14:01:20] [Server thread/INFO]: Done preparing level "world" (17.693s)
[14:01:20] [Server thread/INFO]: Running delayed init tasks
[14:01:20] [Server thread/INFO]: Done (30.745s)! For help, type "help"
[14:01:20] [Server thread/INFO]: *************************************************************************************
[14:01:20] [Server thread/INFO]: This is the first time you're starting this server.
[14:01:20] [Server thread/INFO]: It's recommended you read our 'Getting Started' documentation for guidance.
[14:01:20] [Server thread/INFO]: View this and more helpful information here: https://docs.papermc.io/paper/next-steps
[14:01:20] [Server thread/INFO]: *************************************************************************************
[14:02:38] [Server thread/INFO]: Made emp_er a server operator
[14:04:12] [Server thread/INFO]: Stopping server
[14:04:12] [Server thread/INFO]: Saving players
[14:04:12] [Server thread/INFO]: Saving worlds
[14:04:12] [Server thread/INFO]: Saving chunks for level 'ServerLevel[world]'/minecraft:overworld
[14:04:12] [Server thread/INFO]: [ChunkHolderManager] Waiting 60s for chunk system to halt for world 'world'
[14:04:12] [Server thread/INFO]: [ChunkHolderManager] Halted chunk system for world 'world'
[14:04:12] [Server thread/INFO]: [ChunkHolderManager] Saving all chunkholders for world 'world'
[14:04:13] [Server thread/INFO]: [ChunkHolderManager] Saved 841 block chunks, 49 entity chunks, 0 poi chunks in world 'world' in 1.14s
[14:04:13] [Server thread/INFO]: [ChunkHolderManager] Waiting 60s for chunk I/O to halt for world 'world'
[14:04:13] [Server thread/INFO]: [ChunkHolderManager] Halted I/O scheduler for world 'world'
[14:04:13] [Server thread/INFO]: Saving chunks for level 'ServerLevel[world_nether]'/minecraft:the_nether
[14:04:13] [Server thread/INFO]: [ChunkHolderManager] Waiting 60s for chunk system to halt for world 'world_nether'
[14:04:13] [Server thread/INFO]: [ChunkHolderManager] Halted chunk system for world 'world_nether'
[14:04:13] [Server thread/INFO]: [ChunkHolderManager] Saving all chunkholders for world 'world_nether'
[14:04:13] [Server thread/INFO]: [ChunkHolderManager] Saved 841 block chunks, 49 entity chunks, 0 poi chunks in world 'world_nether' in 0.47s
[14:04:13] [Server thread/INFO]: [ChunkHolderManager] Waiting 60s for chunk I/O to halt for world 'world_nether'
[14:04:13] [Server thread/INFO]: [ChunkHolderManager] Halted I/O scheduler for world 'world_nether'
[14:04:13] [Server thread/INFO]: Saving chunks for level 'ServerLevel[world_the_end]'/minecraft:the_end
[14:04:13] [Server thread/INFO]: [ChunkHolderManager] Waiting 60s for chunk system to halt for world 'world_the_end'
[14:04:13] [Server thread/INFO]: [ChunkHolderManager] Halted chunk system for world 'world_the_end'
[14:04:13] [Server thread/INFO]: [ChunkHolderManager] Saving all chunkholders for world 'world_the_end'
[14:04:14] [Server thread/INFO]: [ChunkHolderManager] Saved 841 block chunks, 49 entity chunks, 0 poi chunks in world 'world_the_end' in 0.35s
[14:04:14] [Server thread/INFO]: [ChunkHolderManager] Waiting 60s for chunk I/O to halt for world 'world_the_end'
[14:04:14] [Server thread/INFO]: [ChunkHolderManager] Halted I/O scheduler for world 'world_the_end'
[14:04:14] [Server thread/INFO]: ThreadedAnvilChunkStorage (world): All chunks are saved
[14:04:14] [Server thread/INFO]: ThreadedAnvilChunkStorage (DIM-1): All chunks are saved
[14:04:14] [Server thread/INFO]: ThreadedAnvilChunkStorage (DIM1): All chunks are saved
[14:04:14] [Server thread/INFO]: ThreadedAnvilChunkStorage: All dimensions are saved
[14:04:14] [Server thread/INFO]: Waiting for I/O tasks to complete...
[14:04:14] [Server thread/INFO]: All I/O tasks to complete
[14:04:14] [Server thread/INFO]: [MoonriseCommon] Awaiting termination of worker pool for up to 60s...
[14:04:14] [Server thread/INFO]: [MoonriseCommon] Awaiting termination of I/O pool for up to 60s...
